# JRE version: OpenJDK Runtime Environment (8.0_152-b02) (build 1.8.0_152-release-1024-b02)
# Java VM: OpenJDK 64-Bit Server VM (25.152-b02 mixed mode windows-amd64 compressed oops)
Heap:
 PSYoungGen      total 177664K, used 72201K [0x00000000e0000000, 0x00000000f1200000, 0x0000000100000000)
  eden space 162304K, 35% used [0x00000000e0000000,0x00000000e37861f8,0x00000000e9e80000)
  from space 15360K, 99% used [0x00000000e9e80000,0x00000000ead7c2b8,0x00000000ead80000)
  to   space 19968K, 0% used [0x00000000efe80000,0x00000000efe80000,0x00000000f1200000)
 ParOldGen       total 161792K, used 24945K [0x00000000a0000000, 0x00000000a9e00000, 0x00000000e0000000)
  object space 161792K, 15% used [0x00000000a0000000,0x00000000a185c678,0x00000000a9e00000)
 Metaspace       used 53793K, capacity 55404K, committed 55640K, reserved 1097728K
  class space    used 7350K, capacity 7771K, committed 7808K, reserved 1048576K
GC Heap History (10 events):
Event: 10.282 GC heap before
{Heap before GC invocations=5 (full 1):
 PSYoungGen      total 75776K, used 65024K [0x00000000e0000000, 0x00000000e9400000, 0x0000000100000000)
  eden space 65024K, 100% used [0x00000000e0000000,0x00000000e3f80000,0x00000000e3f80000)
  from space 10752K, 0% used [0x00000000e3f80000,0x00000000e3f80000,0x00000000e4a00000)
  to   space 10752K, 0% used [0x00000000e8980000,0x00000000e8980000,0x00000000e9400000)
 ParOldGen       total 99840K, used 8609K [0x00000000a0000000, 0x00000000a6180000, 0x00000000e0000000)
  object space 99840K, 8% used [0x00000000a0000000,0x00000000a0868410,0x00000000a6180000)
 Metaspace       used 26496K, capacity 26990K, committed 27136K, reserved 1073152K
  class space    used 3657K, capacity 3831K, committed 3840K, reserved 1048576K
Event: 10.297 GC heap after
Heap after GC invocations=5 (full 1):
 PSYoungGen      total 112640K, used 7351K [0x00000000e0000000, 0x00000000e9100000, 0x0000000100000000)
  eden space 104960K, 0% used [0x00000000e0000000,0x00000000e0000000,0x00000000e6680000)
  from space 7680K, 95% used [0x00000000e8980000,0x00000000e90ade30,0x00000000e9100000)
  to   space 10752K, 0% used [0x00000000e7c00000,0x00000000e7c00000,0x00000000e8680000)
 ParOldGen       total 99840K, used 8617K [0x00000000a0000000, 0x00000000a6180000, 0x00000000e0000000)
  object space 99840K, 8% used [0x00000000a0000000,0x00000000a086a410,0x00000000a6180000)
 Metaspace       used 26496K, capacity 26990K, committed 27136K, reserved 1073152K
  class space    used 3657K, capacity 3831K, committed 3840K, reserved 1048576K
}
Event: 13.037 GC heap before
{Heap before GC invocations=6 (full 1):
 PSYoungGen      total 112640K, used 97142K [0x00000000e0000000, 0x00000000e9100000, 0x0000000100000000)
  eden space 104960K, 85% used [0x00000000e0000000,0x00000000e57af9f0,0x00000000e6680000)
  from space 7680K, 95% used [0x00000000e8980000,0x00000000e90ade30,0x00000000e9100000)
  to   space 10752K, 0% used [0x00000000e7c00000,0x00000000e7c00000,0x00000000e8680000)
 ParOldGen       total 99840K, used 8617K [0x00000000a0000000, 0x00000000a6180000, 0x00000000e0000000)
  object space 99840K, 8% used [0x00000000a0000000,0x00000000a086a410,0x00000000a6180000)
 Metaspace       used 34693K, capacity 35264K, committed 35416K, reserved 1079296K
  class space    used 4784K, capacity 4976K, committed 4992K, reserved 1048576K
Event: 13.048 GC heap after
Heap after GC invocations=6 (full 1):
 PSYoungGen      total 137728K, used 10737K [0x00000000e0000000, 0x00000000eba80000, 0x0000000100000000)
  eden space 126976K, 0% used [0x00000000e0000000,0x00000000e0000000,0x00000000e7c00000)
  from space 10752K, 99% used [0x00000000e7c00000,0x00000000e867c5e8,0x00000000e8680000)
  to   space 13312K, 0% used [0x00000000ead80000,0x00000000ead80000,0x00000000eba80000)
 ParOldGen       total 99840K, used 10816K [0x00000000a0000000, 0x00000000a6180000, 0x00000000e0000000)
  object space 99840K, 10% used [0x00000000a0000000,0x00000000a0a90168,0x00000000a6180000)
 Metaspace       used 34693K, capacity 35264K, committed 35416K, reserved 1079296K
  class space    used 4784K, capacity 4976K, committed 4992K, reserved 1048576K
}
Event: 13.048 GC heap before
{Heap before GC invocations=7 (full 2):
 PSYoungGen      total 137728K, used 10737K [0x00000000e0000000, 0x00000000eba80000, 0x0000000100000000)
  eden space 126976K, 0% used [0x00000000e0000000,0x00000000e0000000,0x00000000e7c00000)
  from space 10752K, 99% used [0x00000000e7c00000,0x00000000e867c5e8,0x00000000e8680000)
  to   space 13312K, 0% used [0x00000000ead80000,0x00000000ead80000,0x00000000eba80000)
 ParOldGen       total 99840K, used 10816K [0x00000000a0000000, 0x00000000a6180000, 0x00000000e0000000)
  object space 99840K, 10% used [0x00000000a0000000,0x00000000a0a90168,0x00000000a6180000)
 Metaspace       used 34693K, capacity 35264K, committed 35416K, reserved 1079296K
  class space    used 4784K, capacity 4976K, committed 4992K, reserved 1048576K
Event: 13.107 GC heap after
Heap after GC invocations=7 (full 2):
 PSYoungGen      total 137728K, used 0K [0x00000000e0000000, 0x00000000eba80000, 0x0000000100000000)
  eden space 126976K, 0% used [0x00000000e0000000,0x00000000e0000000,0x00000000e7c00000)
  from space 10752K, 0% used [0x00000000e7c00000,0x00000000e7c00000,0x00000000e8680000)
  to   space 13312K, 0% used [0x00000000ead80000,0x00000000ead80000,0x00000000eba80000)
 ParOldGen       total 161792K, used 19402K [0x00000000a0000000, 0x00000000a9e00000, 0x00000000e0000000)
  object space 161792K, 11% used [0x00000000a0000000,0x00000000a12f2bf8,0x00000000a9e00000)
 Metaspace       used 34693K, capacity 35264K, committed 35416K, reserved 1079296K
  class space    used 4784K, capacity 4976K, committed 4992K, reserved 1048576K
}
Event: 15.789 GC heap before
{Heap before GC invocations=8 (full 2):
 PSYoungGen      total 137728K, used 126976K [0x00000000e0000000, 0x00000000eba80000, 0x0000000100000000)
  eden space 126976K, 100% used [0x00000000e0000000,0x00000000e7c00000,0x00000000e7c00000)
  from space 10752K, 0% used [0x00000000e7c00000,0x00000000e7c00000,0x00000000e8680000)
  to   space 13312K, 0% used [0x00000000ead80000,0x00000000ead80000,0x00000000eba80000)
 ParOldGen       total 161792K, used 19402K [0x00000000a0000000, 0x00000000a9e00000, 0x00000000e0000000)
  object space 161792K, 11% used [0x00000000a0000000,0x00000000a12f2bf8,0x00000000a9e00000)
 Metaspace       used 42895K, capacity 43864K, committed 44120K, reserved 1087488K
  class space    used 5913K, capacity 6211K, committed 6272K, reserved 1048576K
Event: 15.812 GC heap after
Heap after GC invocations=8 (full 2):
 PSYoungGen      total 175616K, used 13290K [0x00000000e0000000, 0x00000000ed280000, 0x0000000100000000)
  eden space 162304K, 0% used [0x00000000e0000000,0x00000000e0000000,0x00000000e9e80000)
  from space 13312K, 99% used [0x00000000ead80000,0x00000000eba7aa98,0x00000000eba80000)
  to   space 15360K, 0% used [0x00000000e9e80000,0x00000000e9e80000,0x00000000ead80000)
 ParOldGen       total 161792K, used 20122K [0x00000000a0000000, 0x00000000a9e00000, 0x00000000e0000000)
  object space 161792K, 12% used [0x00000000a0000000,0x00000000a13a6a50,0x00000000a9e00000)
 Metaspace       used 42895K, capacity 43864K, committed 44120K, reserved 1087488K
  class space    used 5913K, capacity 6211K, committed 6272K, reserved 1048576K
}
Event: 22.398 GC heap before
{Heap before GC invocations=9 (full 2):
 PSYoungGen      total 175616K, used 175594K [0x00000000e0000000, 0x00000000ed280000, 0x0000000100000000)
  eden space 162304K, 100% used [0x00000000e0000000,0x00000000e9e80000,0x00000000e9e80000)
  from space 13312K, 99% used [0x00000000ead80000,0x00000000eba7aa98,0x00000000eba80000)
  to   space 15360K, 0% used [0x00000000e9e80000,0x00000000e9e80000,0x00000000ead80000)
 ParOldGen       total 161792K, used 20122K [0x00000000a0000000, 0x00000000a9e00000, 0x00000000e0000000)
  object space 161792K, 12% used [0x00000000a0000000,0x00000000a13a6a70,0x00000000a9e00000)
 Metaspace       used 52346K, capacity 54006K, committed 54232K, reserved 1095680K
  class space    used 7172K, capacity 7592K, committed 7680K, reserved 1048576K
Event: 22.488 GC heap after
Heap after GC invocations=9 (full 2):
 PSYoungGen      total 177664K, used 15344K [0x00000000e0000000, 0x00000000f1200000, 0x0000000100000000)
  eden space 162304K, 0% used [0x00000000e0000000,0x00000000e0000000,0x00000000e9e80000)
  from space 15360K, 99% used [0x00000000e9e80000,0x00000000ead7c2b8,0x00000000ead80000)
  to   space 19968K, 0% used [0x00000000efe80000,0x00000000efe80000,0x00000000f1200000)
 ParOldGen       total 161792K, used 24945K [0x00000000a0000000, 0x00000000a9e00000, 0x00000000e0000000)
  object space 161792K, 15% used [0x00000000a0000000,0x00000000a185c678,0x00000000a9e00000)
 Metaspace       used 52346K, capacity 54006K, committed 54232K, reserved 1095680K
  class space    used 7172K, capacity 7592K, committed 7680K, reserved 1048576K
}

