# JRE version: OpenJDK Runtime Environment (8.0_152-b02) (build 1.8.0_152-release-1024-b02)
# Java VM: OpenJDK 64-Bit Server VM (25.152-b02 mixed mode windows-amd64 compressed oops)
Heap:
 PSYoungGen      total 202240K, used 128076K [0x00000000e0000000, 0x00000000eea00000, 0x0000000100000000)
  eden space 165888K, 57% used [0x00000000e0000000,0x00000000e5d7e220,0x00000000ea200000)
  from space 36352K, 88% used [0x00000000ea200000,0x00000000ec194e80,0x00000000ec580000)
  to   space 34304K, 0% used [0x00000000ec580000,0x00000000ec580000,0x00000000ee700000)
 ParOldGen       total 172032K, used 55182K [0x00000000a0000000, 0x00000000aa800000, 0x00000000e0000000)
  object space 172032K, 32% used [0x00000000a0000000,0x00000000a35e38c8,0x00000000aa800000)
 Metaspace       used 87095K, capacity 92454K, committed 92696K, reserved 1130496K
  class space    used 11115K, capacity 12207K, committed 12312K, reserved 1048576K
GC Heap History (10 events):
Event: 2199.074 GC heap before
{Heap before GC invocations=26 (full 3):
 PSYoungGen      total 159744K, used 159712K [0x00000000e0000000, 0x00000000eb700000, 0x0000000100000000)
  eden space 138240K, 100% used [0x00000000e0000000,0x00000000e8700000,0x00000000e8700000)
  from space 21504K, 99% used [0x00000000e9f80000,0x00000000eb4782b0,0x00000000eb480000)
  to   space 24576K, 0% used [0x00000000e8700000,0x00000000e8700000,0x00000000e9f00000)
 ParOldGen       total 172032K, used 47210K [0x00000000a0000000, 0x00000000aa800000, 0x00000000e0000000)
  object space 172032K, 27% used [0x00000000a0000000,0x00000000a2e1a818,0x00000000aa800000)
 Metaspace       used 76505K, capacity 80572K, committed 80920K, reserved 1120256K
  class space    used 9756K, capacity 10660K, committed 10776K, reserved 1048576K
Event: 2199.107 GC heap after
Heap after GC invocations=26 (full 3):
 PSYoungGen      total 159232K, used 24562K [0x00000000e0000000, 0x00000000ebc80000, 0x0000000100000000)
  eden space 134656K, 0% used [0x00000000e0000000,0x00000000e0000000,0x00000000e8380000)
  from space 24576K, 99% used [0x00000000e8700000,0x00000000e9efc878,0x00000000e9f00000)
  to   space 29184K, 0% used [0x00000000ea000000,0x00000000ea000000,0x00000000ebc80000)
 ParOldGen       total 172032K, used 51245K [0x00000000a0000000, 0x00000000aa800000, 0x00000000e0000000)
  object space 172032K, 29% used [0x00000000a0000000,0x00000000a320b658,0x00000000aa800000)
 Metaspace       used 76505K, capacity 80572K, committed 80920K, reserved 1120256K
  class space    used 9756K, capacity 10660K, committed 10776K, reserved 1048576K
}
Event: 2200.170 GC heap before
{Heap before GC invocations=27 (full 3):
 PSYoungGen      total 159232K, used 158967K [0x00000000e0000000, 0x00000000ebc80000, 0x0000000100000000)
  eden space 134656K, 99% used [0x00000000e0000000,0x00000000e8341468,0x00000000e8380000)
  from space 24576K, 99% used [0x00000000e8700000,0x00000000e9efc878,0x00000000e9f00000)
  to   space 29184K, 0% used [0x00000000ea000000,0x00000000ea000000,0x00000000ebc80000)
 ParOldGen       total 172032K, used 51245K [0x00000000a0000000, 0x00000000aa800000, 0x00000000e0000000)
  object space 172032K, 29% used [0x00000000a0000000,0x00000000a320b658,0x00000000aa800000)
 Metaspace       used 77392K, capacity 81636K, committed 81816K, reserved 1120256K
  class space    used 9891K, capacity 10796K, committed 10904K, reserved 1048576K
Event: 2200.196 GC heap after
Heap after GC invocations=27 (full 3):
 PSYoungGen      total 160768K, used 26970K [0x00000000e0000000, 0x00000000edb00000, 0x0000000100000000)
  eden space 131584K, 0% used [0x00000000e0000000,0x00000000e0000000,0x00000000e8080000)
  from space 29184K, 92% used [0x00000000ea000000,0x00000000eba56840,0x00000000ebc80000)
  to   space 32256K, 0% used [0x00000000e8080000,0x00000000e8080000,0x00000000ea000000)
 ParOldGen       total 172032K, used 52689K [0x00000000a0000000, 0x00000000aa800000, 0x00000000e0000000)
  object space 172032K, 30% used [0x00000000a0000000,0x00000000a33746b8,0x00000000aa800000)
 Metaspace       used 77392K, capacity 81636K, committed 81816K, reserved 1120256K
  class space    used 9891K, capacity 10796K, committed 10904K, reserved 1048576K
}
Event: 2200.211 GC heap before
{Heap before GC invocations=28 (full 3):
 PSYoungGen      total 160768K, used 157558K [0x00000000e0000000, 0x00000000edb00000, 0x0000000100000000)
  eden space 131584K, 99% used [0x00000000e0000000,0x00000000e7f86ff0,0x00000000e8080000)
  from space 29184K, 92% used [0x00000000ea000000,0x00000000eba56840,0x00000000ebc80000)
  to   space 32256K, 0% used [0x00000000e8080000,0x00000000e8080000,0x00000000ea000000)
 ParOldGen       total 172032K, used 52689K [0x00000000a0000000, 0x00000000aa800000, 0x00000000e0000000)
  object space 172032K, 30% used [0x00000000a0000000,0x00000000a33746b8,0x00000000aa800000)
 Metaspace       used 77398K, capacity 81636K, committed 81816K, reserved 1120256K
  class space    used 9891K, capacity 10796K, committed 10904K, reserved 1048576K
Event: 2200.226 GC heap after
Heap after GC invocations=28 (full 3):
 PSYoungGen      total 163840K, used 25271K [0x00000000e0000000, 0x00000000ee700000, 0x0000000100000000)
  eden space 131584K, 0% used [0x00000000e0000000,0x00000000e0000000,0x00000000e8080000)
  from space 32256K, 78% used [0x00000000e8080000,0x00000000e992de68,0x00000000ea000000)
  to   space 34304K, 0% used [0x00000000ec580000,0x00000000ec580000,0x00000000ee700000)
 ParOldGen       total 172032K, used 52697K [0x00000000a0000000, 0x00000000aa800000, 0x00000000e0000000)
  object space 172032K, 30% used [0x00000000a0000000,0x00000000a33766b8,0x00000000aa800000)
 Metaspace       used 77398K, capacity 81636K, committed 81816K, reserved 1120256K
  class space    used 9891K, capacity 10796K, committed 10904K, reserved 1048576K
}
Event: 2201.957 GC heap before
{Heap before GC invocations=29 (full 3):
 PSYoungGen      total 163840K, used 156855K [0x00000000e0000000, 0x00000000ee700000, 0x0000000100000000)
  eden space 131584K, 100% used [0x00000000e0000000,0x00000000e8080000,0x00000000e8080000)
  from space 32256K, 78% used [0x00000000e8080000,0x00000000e992de68,0x00000000ea000000)
  to   space 34304K, 0% used [0x00000000ec580000,0x00000000ec580000,0x00000000ee700000)
 ParOldGen       total 172032K, used 52697K [0x00000000a0000000, 0x00000000aa800000, 0x00000000e0000000)
  object space 172032K, 30% used [0x00000000a0000000,0x00000000a33766b8,0x00000000aa800000)
 Metaspace       used 78017K, capacity 82428K, committed 82712K, reserved 1120256K
  class space    used 9988K, capacity 10918K, committed 11032K, reserved 1048576K
Event: 2201.986 GC heap after
Heap after GC invocations=29 (full 3):
 PSYoungGen      total 200192K, used 27260K [0x00000000e0000000, 0x00000000eea00000, 0x0000000100000000)
  eden space 165888K, 0% used [0x00000000e0000000,0x00000000e0000000,0x00000000ea200000)
  from space 34304K, 79% used [0x00000000ec580000,0x00000000ee01f390,0x00000000ee700000)
  to   space 36352K, 0% used [0x00000000ea200000,0x00000000ea200000,0x00000000ec580000)
 ParOldGen       total 172032K, used 53165K [0x00000000a0000000, 0x00000000aa800000, 0x00000000e0000000)
  object space 172032K, 30% used [0x00000000a0000000,0x00000000a33eb728,0x00000000aa800000)
 Metaspace       used 78017K, capacity 82428K, committed 82712K, reserved 1120256K
  class space    used 9988K, capacity 10918K, committed 11032K, reserved 1048576K
}
Event: 2219.529 GC heap before
{Heap before GC invocations=30 (full 3):
 PSYoungGen      total 200192K, used 193027K [0x00000000e0000000, 0x00000000eea00000, 0x0000000100000000)
  eden space 165888K, 99% used [0x00000000e0000000,0x00000000ea1e1a38,0x00000000ea200000)
  from space 34304K, 79% used [0x00000000ec580000,0x00000000ee01f390,0x00000000ee700000)
  to   space 36352K, 0% used [0x00000000ea200000,0x00000000ea200000,0x00000000ec580000)
 ParOldGen       total 172032K, used 53165K [0x00000000a0000000, 0x00000000aa800000, 0x00000000e0000000)
  object space 172032K, 30% used [0x00000000a0000000,0x00000000a33eb728,0x00000000aa800000)
 Metaspace       used 86851K, capacity 92180K, committed 92440K, reserved 1130496K
  class space    used 11110K, capacity 12206K, committed 12312K, reserved 1048576K
Event: 2219.557 GC heap after
Heap after GC invocations=30 (full 3):
 PSYoungGen      total 202240K, used 32339K [0x00000000e0000000, 0x00000000eea00000, 0x0000000100000000)
  eden space 165888K, 0% used [0x00000000e0000000,0x00000000e0000000,0x00000000ea200000)
  from space 36352K, 88% used [0x00000000ea200000,0x00000000ec194e80,0x00000000ec580000)
  to   space 34304K, 0% used [0x00000000ec580000,0x00000000ec580000,0x00000000ee700000)
 ParOldGen       total 172032K, used 55182K [0x00000000a0000000, 0x00000000aa800000, 0x00000000e0000000)
  object space 172032K, 32% used [0x00000000a0000000,0x00000000a35e38c8,0x00000000aa800000)
 Metaspace       used 86851K, capacity 92180K, committed 92440K, reserved 1130496K
  class space    used 11110K, capacity 12206K, committed 12312K, reserved 1048576K
}

