# JRE version: OpenJDK Runtime Environment (8.0_152-b02) (build 1.8.0_152-release-1024-b02)
# Java VM: OpenJDK 64-Bit Server VM (25.152-b02 mixed mode windows-amd64 compressed oops)
Heap:
 PSYoungGen      total 283136K, used 51111K [0x00000000e0000000, 0x00000000f3280000, 0x0000000100000000)
  eden space 262656K, 19% used [0x00000000e0000000,0x00000000e31e9ec0,0x00000000f0080000)
  from space 20480K, 0% used [0x00000000f1780000,0x00000000f1780000,0x00000000f2b80000)
  to   space 23552K, 0% used [0x00000000f0080000,0x00000000f0080000,0x00000000f1780000)
 ParOldGen       total 208384K, used 34740K [0x00000000a0000000, 0x00000000acb80000, 0x00000000e0000000)
  object space 208384K, 16% used [0x00000000a0000000,0x00000000a21ed0f8,0x00000000acb80000)
 Metaspace       used 59820K, capacity 61540K, committed 61784K, reserved 1105920K
  class space    used 8102K, capacity 8567K, committed 8576K, reserved 1048576K
GC Heap History (10 events):
Event: 7.975 GC heap before
{Heap before GC invocations=7 (full 2):
 PSYoungGen      total 137728K, used 10727K [0x00000000e0000000, 0x00000000ec880000, 0x0000000100000000)
  eden space 126976K, 0% used [0x00000000e0000000,0x00000000e0000000,0x00000000e7c00000)
  from space 10752K, 99% used [0x00000000e7c00000,0x00000000e8679cc8,0x00000000e8680000)
  to   space 13824K, 0% used [0x00000000ebb00000,0x00000000ebb00000,0x00000000ec880000)
 ParOldGen       total 94720K, used 10702K [0x00000000a0000000, 0x00000000a5c80000, 0x00000000e0000000)
  object space 94720K, 11% used [0x00000000a0000000,0x00000000a0a73a48,0x00000000a5c80000)
 Metaspace       used 34676K, capacity 35268K, committed 35416K, reserved 1079296K
  class space    used 4783K, capacity 4976K, committed 4992K, reserved 1048576K
Event: 8.026 GC heap after
Heap after GC invocations=7 (full 2):
 PSYoungGen      total 137728K, used 0K [0x00000000e0000000, 0x00000000ec880000, 0x0000000100000000)
  eden space 126976K, 0% used [0x00000000e0000000,0x00000000e0000000,0x00000000e7c00000)
  from space 10752K, 0% used [0x00000000e7c00000,0x00000000e7c00000,0x00000000e8680000)
  to   space 13824K, 0% used [0x00000000ebb00000,0x00000000ebb00000,0x00000000ec880000)
 ParOldGen       total 144384K, used 19373K [0x00000000a0000000, 0x00000000a8d00000, 0x00000000e0000000)
  object space 144384K, 13% used [0x00000000a0000000,0x00000000a12eb688,0x00000000a8d00000)
 Metaspace       used 34676K, capacity 35268K, committed 35416K, reserved 1079296K
  class space    used 4783K, capacity 4976K, committed 4992K, reserved 1048576K
}
Event: 10.236 GC heap before
{Heap before GC invocations=8 (full 2):
 PSYoungGen      total 137728K, used 126976K [0x00000000e0000000, 0x00000000ec880000, 0x0000000100000000)
  eden space 126976K, 100% used [0x00000000e0000000,0x00000000e7c00000,0x00000000e7c00000)
  from space 10752K, 0% used [0x00000000e7c00000,0x00000000e7c00000,0x00000000e8680000)
  to   space 13824K, 0% used [0x00000000ebb00000,0x00000000ebb00000,0x00000000ec880000)
 ParOldGen       total 144384K, used 19373K [0x00000000a0000000, 0x00000000a8d00000, 0x00000000e0000000)
  object space 144384K, 13% used [0x00000000a0000000,0x00000000a12eb688,0x00000000a8d00000)
 Metaspace       used 42884K, capacity 43772K, committed 44120K, reserved 1087488K
  class space    used 5905K, capacity 6179K, committed 6272K, reserved 1048576K
Event: 10.258 GC heap after
Heap after GC invocations=8 (full 2):
 PSYoungGen      total 189952K, used 13820K [0x00000000e0000000, 0x00000000ede00000, 0x0000000100000000)
  eden space 176128K, 0% used [0x00000000e0000000,0x00000000e0000000,0x00000000eac00000)
  from space 13824K, 99% used [0x00000000ebb00000,0x00000000ec87f338,0x00000000ec880000)
  to   space 15360K, 0% used [0x00000000eac00000,0x00000000eac00000,0x00000000ebb00000)
 ParOldGen       total 144384K, used 19477K [0x00000000a0000000, 0x00000000a8d00000, 0x00000000e0000000)
  object space 144384K, 13% used [0x00000000a0000000,0x00000000a13057d0,0x00000000a8d00000)
 Metaspace       used 42884K, capacity 43772K, committed 44120K, reserved 1087488K
  class space    used 5905K, capacity 6179K, committed 6272K, reserved 1048576K
}
Event: 15.343 GC heap before
{Heap before GC invocations=9 (full 2):
 PSYoungGen      total 189952K, used 189948K [0x00000000e0000000, 0x00000000ede00000, 0x0000000100000000)
  eden space 176128K, 100% used [0x00000000e0000000,0x00000000eac00000,0x00000000eac00000)
  from space 13824K, 99% used [0x00000000ebb00000,0x00000000ec87f338,0x00000000ec880000)
  to   space 15360K, 0% used [0x00000000eac00000,0x00000000eac00000,0x00000000ebb00000)
 ParOldGen       total 144384K, used 19477K [0x00000000a0000000, 0x00000000a8d00000, 0x00000000e0000000)
  object space 144384K, 13% used [0x00000000a0000000,0x00000000a13057d0,0x00000000a8d00000)
 Metaspace       used 53108K, capacity 54718K, committed 54872K, reserved 1095680K
  class space    used 7273K, capacity 7694K, committed 7808K, reserved 1048576K
Event: 15.377 GC heap after
Heap after GC invocations=9 (full 2):
 PSYoungGen      total 191488K, used 15356K [0x00000000e0000000, 0x00000000f2b80000, 0x0000000100000000)
  eden space 176128K, 0% used [0x00000000e0000000,0x00000000e0000000,0x00000000eac00000)
  from space 15360K, 99% used [0x00000000eac00000,0x00000000ebaff338,0x00000000ebb00000)
  to   space 20480K, 0% used [0x00000000f1780000,0x00000000f1780000,0x00000000f2b80000)
 ParOldGen       total 144384K, used 25383K [0x00000000a0000000, 0x00000000a8d00000, 0x00000000e0000000)
  object space 144384K, 17% used [0x00000000a0000000,0x00000000a18c9d00,0x00000000a8d00000)
 Metaspace       used 53108K, capacity 54718K, committed 54872K, reserved 1095680K
  class space    used 7273K, capacity 7694K, committed 7808K, reserved 1048576K
}
Event: 18.445 GC heap before
{Heap before GC invocations=10 (full 2):
 PSYoungGen      total 191488K, used 91869K [0x00000000e0000000, 0x00000000f2b80000, 0x0000000100000000)
  eden space 176128K, 43% used [0x00000000e0000000,0x00000000e4ab83c0,0x00000000eac00000)
  from space 15360K, 99% used [0x00000000eac00000,0x00000000ebaff338,0x00000000ebb00000)
  to   space 20480K, 0% used [0x00000000f1780000,0x00000000f1780000,0x00000000f2b80000)
 ParOldGen       total 144384K, used 25383K [0x00000000a0000000, 0x00000000a8d00000, 0x00000000e0000000)
  object space 144384K, 17% used [0x00000000a0000000,0x00000000a18c9d00,0x00000000a8d00000)
 Metaspace       used 57184K, capacity 58830K, committed 58968K, reserved 1099776K
  class space    used 7822K, capacity 8226K, committed 8320K, reserved 1048576K
Event: 18.487 GC heap after
Heap after GC invocations=10 (full 2):
 PSYoungGen      total 283136K, used 20462K [0x00000000e0000000, 0x00000000f3280000, 0x0000000100000000)
  eden space 262656K, 0% used [0x00000000e0000000,0x00000000e0000000,0x00000000f0080000)
  from space 20480K, 99% used [0x00000000f1780000,0x00000000f2b7b9b0,0x00000000f2b80000)
  to   space 23552K, 0% used [0x00000000f0080000,0x00000000f0080000,0x00000000f1780000)
 ParOldGen       total 144384K, used 26498K [0x00000000a0000000, 0x00000000a8d00000, 0x00000000e0000000)
  object space 144384K, 18% used [0x00000000a0000000,0x00000000a19e0a60,0x00000000a8d00000)
 Metaspace       used 57184K, capacity 58830K, committed 58968K, reserved 1099776K
  class space    used 7822K, capacity 8226K, committed 8320K, reserved 1048576K
}
Event: 18.487 GC heap before
{Heap before GC invocations=11 (full 3):
 PSYoungGen      total 283136K, used 20462K [0x00000000e0000000, 0x00000000f3280000, 0x0000000100000000)
  eden space 262656K, 0% used [0x00000000e0000000,0x00000000e0000000,0x00000000f0080000)
  from space 20480K, 99% used [0x00000000f1780000,0x00000000f2b7b9b0,0x00000000f2b80000)
  to   space 23552K, 0% used [0x00000000f0080000,0x00000000f0080000,0x00000000f1780000)
 ParOldGen       total 144384K, used 26498K [0x00000000a0000000, 0x00000000a8d00000, 0x00000000e0000000)
  object space 144384K, 18% used [0x00000000a0000000,0x00000000a19e0a60,0x00000000a8d00000)
 Metaspace       used 57184K, capacity 58830K, committed 58968K, reserved 1099776K
  class space    used 7822K, capacity 8226K, committed 8320K, reserved 1048576K
Event: 18.906 GC heap after
Heap after GC invocations=11 (full 3):
 PSYoungGen      total 283136K, used 0K [0x00000000e0000000, 0x00000000f3280000, 0x0000000100000000)
  eden space 262656K, 0% used [0x00000000e0000000,0x00000000e0000000,0x00000000f0080000)
  from space 20480K, 0% used [0x00000000f1780000,0x00000000f1780000,0x00000000f2b80000)
  to   space 23552K, 0% used [0x00000000f0080000,0x00000000f0080000,0x00000000f1780000)
 ParOldGen       total 208384K, used 34740K [0x00000000a0000000, 0x00000000acb80000, 0x00000000e0000000)
  object space 208384K, 16% used [0x00000000a0000000,0x00000000a21ed0f8,0x00000000acb80000)
 Metaspace       used 57184K, capacity 58830K, committed 58968K, reserved 1099776K
  class space    used 7822K, capacity 8226K, committed 8320K, reserved 1048576K
}

